<?xml version="1.0" encoding="UTF-8"?>
<testsuite xmlns:xsi="http://www.w3.org/2001/XMLSchema-instance" xsi:noNamespaceSchemaLocation="https://maven.apache.org/surefire/maven-surefire-plugin/xsd/surefire-test-report-3.0.xsd" version="3.0" name="io.quarkus.workshop.superheroes.hero.HeroResourceTest" time="13.364" tests="9" errors="0" skipped="0" failures="0">
  <properties>
    <property name="java.specification.version" value="18"/>
    <property name="test.url" value="http://localhost:8081"/>
    <property name="sun.jnu.encoding" value="UTF-8"/>
    <property name="java.class.path" value="/Users/johnsanta/Documents/Programacion/Workshops/quarkus-super-hero/super-heroes/rest-heroes/target/test-classes:/Users/johnsanta/Documents/Programacion/Workshops/quarkus-super-hero/super-heroes/rest-heroes/target/classes:/Users/johnsanta/.m2/repository/io/quarkus/quarkus-reactive-pg-client/2.12.1.Final/quarkus-reactive-pg-client-2.12.1.Final.jar:/Users/johnsanta/.m2/repository/io/quarkus/quarkus-reactive-datasource/2.12.1.Final/quarkus-reactive-datasource-2.12.1.Final.jar:/Users/johnsanta/.m2/repository/io/quarkus/quarkus-datasource/2.12.1.Final/quarkus-datasource-2.12.1.Final.jar:/Users/johnsanta/.m2/repository/io/quarkus/quarkus-datasource-common/2.12.1.Final/quarkus-datasource-common-2.12.1.Final.jar:/Users/johnsanta/.m2/repository/io/vertx/vertx-sql-client/4.3.2/vertx-sql-client-4.3.2.jar:/Users/johnsanta/.m2/repository/io/quarkus/quarkus-vertx/2.12.1.Final/quarkus-vertx-2.12.1.Final.jar:/Users/johnsanta/.m2/repository/io/quarkus/quarkus-netty/2.12.1.Final/quarkus-netty-2.12.1.Final.jar:/Users/johnsanta/.m2/repository/io/netty/netty-codec/4.1.79.Final/netty-codec-4.1.79.Final.jar:/Users/johnsanta/.m2/repository/io/netty/netty-codec-http/4.1.79.Final/netty-codec-http-4.1.79.Final.jar:/Users/johnsanta/.m2/repository/io/netty/netty-codec-http2/4.1.79.Final/netty-codec-http2-4.1.79.Final.jar:/Users/johnsanta/.m2/repository/io/netty/netty-handler/4.1.79.Final/netty-handler-4.1.79.Final.jar:/Users/johnsanta/.m2/repository/io/netty/netty-transport-native-unix-common/4.1.79.Final/netty-transport-native-unix-common-4.1.79.Final.jar:/Users/johnsanta/.m2/repository/com/aayushatharva/brotli4j/brotli4j/1.7.1/brotli4j-1.7.1.jar:/Users/johnsanta/.m2/repository/com/aayushatharva/brotli4j/native-osx-x86_64/1.7.1/native-osx-x86_64-1.7.1.jar:/Users/johnsanta/.m2/repository/io/netty/netty-codec-haproxy/4.1.79.Final/netty-codec-haproxy-4.1.79.Final.jar:/Users/johnsanta/.m2/repository/io/netty/netty-buffer/4.1.79.Final/netty-buffer-4.1.79.Final.jar:/Users/johnsanta/.m2/repository/io/netty/netty-transport/4.1.79.Final/netty-transport-4.1.79.Final.jar:/Users/johnsanta/.m2/repository/io/smallrye/common/smallrye-common-vertx-context/1.13.0/smallrye-common-vertx-context-1.13.0.jar:/Users/johnsanta/.m2/repository/io/smallrye/common/smallrye-common-constraint/1.13.0/smallrye-common-constraint-1.13.0.jar:/Users/johnsanta/.m2/repository/io/quarkus/quarkus-mutiny/2.12.1.Final/quarkus-mutiny-2.12.1.Final.jar:/Users/johnsanta/.m2/repository/io/smallrye/reactive/mutiny/1.7.0/mutiny-1.7.0.jar:/Users/johnsanta/.m2/repository/org/reactivestreams/reactive-streams/1.0.3/reactive-streams-1.0.3.jar:/Users/johnsanta/.m2/repository/io/quarkus/quarkus-smallrye-context-propagation/2.12.1.Final/quarkus-smallrye-context-propagation-2.12.1.Final.jar:/Users/johnsanta/.m2/repository/io/smallrye/smallrye-context-propagation/1.2.2/smallrye-context-propagation-1.2.2.jar:/Users/johnsanta/.m2/repository/io/smallrye/smallrye-context-propagation-api/1.2.2/smallrye-context-propagation-api-1.2.2.jar:/Users/johnsanta/.m2/repository/io/smallrye/smallrye-context-propagation-storage/1.2.2/smallrye-context-propagation-storage-1.2.2.jar:/Users/johnsanta/.m2/repository/io/smallrye/reactive/mutiny-smallrye-context-propagation/1.7.0/mutiny-smallrye-context-propagation-1.7.0.jar:/Users/johnsanta/.m2/repository/io/quarkus/quarkus-vertx-latebound-mdc-provider/2.12.1.Final/quarkus-vertx-latebound-mdc-provider-2.12.1.Final.jar:/Users/johnsanta/.m2/repository/io/smallrye/reactive/smallrye-mutiny-vertx-core/2.25.0/smallrye-mutiny-vertx-core-2.25.0.jar:/Users/johnsanta/.m2/repository/io/smallrye/reactive/smallrye-mutiny-vertx-runtime/2.25.0/smallrye-mutiny-vertx-runtime-2.25.0.jar:/Users/johnsanta/.m2/repository/io/smallrye/reactive/vertx-mutiny-generator/2.25.0/vertx-mutiny-generator-2.25.0.jar:/Users/johnsanta/.m2/repository/io/vertx/vertx-codegen/4.3.2/vertx-codegen-4.3.2.jar:/Users/johnsanta/.m2/repository/io/smallrye/smallrye-fault-tolerance-vertx/5.5.0/smallrye-fault-tolerance-vertx-5.5.0.jar:/Users/johnsanta/.m2/repository/io/vertx/vertx-pg-client/4.3.2/vertx-pg-client-4.3.2.jar:/Users/johnsanta/.m2/repository/io/vertx/vertx-core/4.3.2/vertx-core-4.3.2.jar:/Users/johnsanta/.m2/repository/io/netty/netty-common/4.1.79.Final/netty-common-4.1.79.Final.jar:/Users/johnsanta/.m2/repository/io/netty/netty-handler-proxy/4.1.79.Final/netty-handler-proxy-4.1.79.Final.jar:/Users/johnsanta/.m2/repository/io/netty/netty-codec-socks/4.1.79.Final/netty-codec-socks-4.1.79.Final.jar:/Users/johnsanta/.m2/repository/io/netty/netty-resolver/4.1.79.Final/netty-resolver-4.1.79.Final.jar:/Users/johnsanta/.m2/repository/io/netty/netty-resolver-dns/4.1.79.Final/netty-resolver-dns-4.1.79.Final.jar:/Users/johnsanta/.m2/repository/io/netty/netty-codec-dns/4.1.79.Final/netty-codec-dns-4.1.79.Final.jar:/Users/johnsanta/.m2/repository/com/ongres/scram/client/2.1/client-2.1.jar:/Users/johnsanta/.m2/repository/com/ongres/scram/common/2.1/common-2.1.jar:/Users/johnsanta/.m2/repository/com/ongres/stringprep/saslprep/1.1/saslprep-1.1.jar:/Users/johnsanta/.m2/repository/com/ongres/stringprep/stringprep/1.1/stringprep-1.1.jar:/Users/johnsanta/.m2/repository/io/smallrye/reactive/smallrye-mutiny-vertx-pg-client/2.25.0/smallrye-mutiny-vertx-pg-client-2.25.0.jar:/Users/johnsanta/.m2/repository/io/smallrye/reactive/smallrye-mutiny-vertx-sql-client/2.25.0/smallrye-mutiny-vertx-sql-client-2.25.0.jar:/Users/johnsanta/.m2/repository/io/quarkus/quarkus-credentials/2.12.1.Final/quarkus-credentials-2.12.1.Final.jar:/Users/johnsanta/.m2/repository/io/quarkus/quarkus-smallrye-openapi/2.12.1.Final/quarkus-smallrye-openapi-2.12.1.Final.jar:/Users/johnsanta/.m2/repository/io/smallrye/smallrye-open-api-core/2.2.1/smallrye-open-api-core-2.2.1.jar:/Users/johnsanta/.m2/repository/org/eclipse/microprofile/openapi/microprofile-openapi-api/2.0.1/microprofile-openapi-api-2.0.1.jar:/Users/johnsanta/.m2/repository/org/eclipse/microprofile/config/microprofile-config-api/2.0.1/microprofile-config-api-2.0.1.jar:/Users/johnsanta/.m2/repository/com/fasterxml/jackson/core/jackson-core/2.13.3/jackson-core-2.13.3.jar:/Users/johnsanta/.m2/repository/com/fasterxml/jackson/core/jackson-databind/2.13.3/jackson-databind-2.13.3.jar:/Users/johnsanta/.m2/repository/com/fasterxml/jackson/core/jackson-annotations/2.13.3/jackson-annotations-2.13.3.jar:/Users/johnsanta/.m2/repository/com/fasterxml/jackson/dataformat/jackson-dataformat-yaml/2.13.3/jackson-dataformat-yaml-2.13.3.jar:/Users/johnsanta/.m2/repository/org/yaml/snakeyaml/1.30/snakeyaml-1.30.jar:/Users/johnsanta/.m2/repository/org/jboss/jandex/2.4.3.Final/jandex-2.4.3.Final.jar:/Users/johnsanta/.m2/repository/org/jboss/logging/jboss-logging/3.5.0.Final/jboss-logging-3.5.0.Final.jar:/Users/johnsanta/.m2/repository/io/quarkus/quarkus-core/2.12.1.Final/quarkus-core-2.12.1.Final.jar:/Users/johnsanta/.m2/repository/jakarta/annotation/jakarta.annotation-api/1.3.5/jakarta.annotation-api-1.3.5.jar:/Users/johnsanta/.m2/repository/jakarta/enterprise/jakarta.enterprise.cdi-api/2.0.2/jakarta.enterprise.cdi-api-2.0.2.jar:/Users/johnsanta/.m2/repository/jakarta/el/jakarta.el-api/3.0.3/jakarta.el-api-3.0.3.jar:/Users/johnsanta/.m2/repository/jakarta/interceptor/jakarta.interceptor-api/1.2.5/jakarta.interceptor-api-1.2.5.jar:/Users/johnsanta/.m2/repository/jakarta/inject/jakarta.inject-api/1.0/jakarta.inject-api-1.0.jar:/Users/johnsanta/.m2/repository/io/quarkus/quarkus-ide-launcher/2.12.1.Final/quarkus-ide-launcher-2.12.1.Final.jar:/Users/johnsanta/.m2/repository/io/quarkus/quarkus-development-mode-spi/2.12.1.Final/quarkus-development-mode-spi-2.12.1.Final.jar:/Users/johnsanta/.m2/repository/io/smallrye/config/smallrye-config/2.12.0/smallrye-config-2.12.0.jar:/Users/johnsanta/.m2/repository/io/smallrye/config/smallrye-config-core/2.12.0/smallrye-config-core-2.12.0.jar:/Users/johnsanta/.m2/repository/io/smallrye/common/smallrye-common-expression/1.13.0/smallrye-common-expression-1.13.0.jar:/Users/johnsanta/.m2/repository/io/smallrye/common/smallrye-common-function/1.13.0/smallrye-common-function-1.13.0.jar:/Users/johnsanta/.m2/repository/io/smallrye/common/smallrye-common-classloader/1.13.0/smallrye-common-classloader-1.13.0.jar:/Users/johnsanta/.m2/repository/io/smallrye/config/smallrye-config-common/2.12.0/smallrye-config-common-2.12.0.jar:/Users/johnsanta/.m2/repository/org/jboss/logmanager/jboss-logmanager-embedded/1.0.10/jboss-logmanager-embedded-1.0.10.jar:/Users/johnsanta/.m2/repository/org/jboss/logging/jboss-logging-annotations/2.2.1.Final/jboss-logging-annotations-2.2.1.Final.jar:/Users/johnsanta/.m2/repository/org/jboss/threads/jboss-threads/3.4.2.Final/jboss-threads-3.4.2.Final.jar:/Users/johnsanta/.m2/repository/org/slf4j/slf4j-api/1.7.36/slf4j-api-1.7.36.jar:/Users/johnsanta/.m2/repository/org/jboss/slf4j/slf4j-jboss-logmanager/1.1.0.Final/slf4j-jboss-logmanager-1.1.0.Final.jar:/Users/johnsanta/.m2/repository/org/graalvm/sdk/graal-sdk/22.2.0/graal-sdk-22.2.0.jar:/Users/johnsanta/.m2/repository/org/wildfly/common/wildfly-common/1.5.4.Final-format-001/wildfly-common-1.5.4.Final-format-001.jar:/Users/johnsanta/.m2/repository/io/quarkus/quarkus-bootstrap-runner/2.12.1.Final/quarkus-bootstrap-runner-2.12.1.Final.jar:/Users/johnsanta/.m2/repository/io/quarkus/quarkus-fs-util/0.0.9/quarkus-fs-util-0.0.9.jar:/Users/johnsanta/.m2/repository/io/quarkus/quarkus-vertx-http/2.12.1.Final/quarkus-vertx-http-2.12.1.Final.jar:/Users/johnsanta/.m2/repository/io/quarkus/quarkus-security-runtime-spi/2.12.1.Final/quarkus-security-runtime-spi-2.12.1.Final.jar:/Users/johnsanta/.m2/repository/io/quarkus/quarkus-vertx-http-dev-console-runtime-spi/2.12.1.Final/quarkus-vertx-http-dev-console-runtime-spi-2.12.1.Final.jar:/Users/johnsanta/.m2/repository/io/quarkus/security/quarkus-security/1.1.4.Final/quarkus-security-1.1.4.Final.jar:/Users/johnsanta/.m2/repository/io/smallrye/reactive/smallrye-mutiny-vertx-web/2.25.0/smallrye-mutiny-vertx-web-2.25.0.jar:/Users/johnsanta/.m2/repository/io/smallrye/reactive/smallrye-mutiny-vertx-web-common/2.25.0/smallrye-mutiny-vertx-web-common-2.25.0.jar:/Users/johnsanta/.m2/repository/io/smallrye/reactive/smallrye-mutiny-vertx-auth-common/2.25.0/smallrye-mutiny-vertx-auth-common-2.25.0.jar:/Users/johnsanta/.m2/repository/io/smallrye/reactive/smallrye-mutiny-vertx-bridge-common/2.25.0/smallrye-mutiny-vertx-bridge-common-2.25.0.jar:/Users/johnsanta/.m2/repository/io/smallrye/reactive/smallrye-mutiny-vertx-uri-template/2.25.0/smallrye-mutiny-vertx-uri-template-2.25.0.jar:/Users/johnsanta/.m2/repository/io/vertx/vertx-uri-template/4.3.2/vertx-uri-template-4.3.2.jar:/Users/johnsanta/.m2/repository/io/vertx/vertx-web/4.3.2/vertx-web-4.3.2.jar:/Users/johnsanta/.m2/repository/io/vertx/vertx-web-common/4.3.2/vertx-web-common-4.3.2.jar:/Users/johnsanta/.m2/repository/io/vertx/vertx-auth-common/4.3.2/vertx-auth-common-4.3.2.jar:/Users/johnsanta/.m2/repository/io/vertx/vertx-bridge-common/4.3.2/vertx-bridge-common-4.3.2.jar:/Users/johnsanta/.m2/repository/io/github/crac/org-crac/0.1.1/org-crac-0.1.1.jar:/Users/johnsanta/.m2/repository/io/quarkus/quarkus-swagger-ui/2.12.1.Final/quarkus-swagger-ui-2.12.1.Final.jar:/Users/johnsanta/.m2/repository/io/quarkus/quarkus-resteasy-reactive-jackson/2.12.1.Final/quarkus-resteasy-reactive-jackson-2.12.1.Final.jar:/Users/johnsanta/.m2/repository/io/quarkus/quarkus-resteasy-reactive-jackson-common/2.12.1.Final/quarkus-resteasy-reactive-jackson-common-2.12.1.Final.jar:/Users/johnsanta/.m2/repository/io/quarkus/resteasy/reactive/resteasy-reactive-jackson/2.12.1.Final/resteasy-reactive-jackson-2.12.1.Final.jar:/Users/johnsanta/.m2/repository/io/quarkus/quarkus-jackson/2.12.1.Final/quarkus-jackson-2.12.1.Final.jar:/Users/johnsanta/.m2/repository/com/fasterxml/jackson/datatype/jackson-datatype-jsr310/2.13.3/jackson-datatype-jsr310-2.13.3.jar:/Users/johnsanta/.m2/repository/com/fasterxml/jackson/datatype/jackson-datatype-jdk8/2.13.3/jackson-datatype-jdk8-2.13.3.jar:/Users/johnsanta/.m2/repository/com/fasterxml/jackson/module/jackson-module-parameter-names/2.13.3/jackson-module-parameter-names-2.13.3.jar:/Users/johnsanta/.m2/repository/io/quarkus/quarkus-hibernate-reactive-panache/2.12.1.Final/quarkus-hibernate-reactive-panache-2.12.1.Final.jar:/Users/johnsanta/.m2/repository/io/quarkus/quarkus-hibernate-reactive/2.12.1.Final/quarkus-hibernate-reactive-2.12.1.Final.jar:/Users/johnsanta/.m2/repository/io/quarkus/quarkus-hibernate-orm/2.12.1.Final/quarkus-hibernate-orm-2.12.1.Final.jar:/Users/johnsanta/.m2/repository/org/hibernate/hibernate-core/5.6.10.Final/hibernate-core-5.6.10.Final.jar:/Users/johnsanta/.m2/repository/net/bytebuddy/byte-buddy/1.12.9/byte-buddy-1.12.9.jar:/Users/johnsanta/.m2/repository/antlr/antlr/2.7.7/antlr-2.7.7.jar:/Users/johnsanta/.m2/repository/org/hibernate/common/hibernate-commons-annotations/5.1.2.Final/hibernate-commons-annotations-5.1.2.Final.jar:/Users/johnsanta/.m2/repository/org/hibernate/hibernate-graalvm/5.6.10.Final/hibernate-graalvm-5.6.10.Final.jar:/Users/johnsanta/.m2/repository/org/glassfish/jaxb/jaxb-runtime/2.3.3-b02/jaxb-runtime-2.3.3-b02.jar:/Users/johnsanta/.m2/repository/org/glassfish/jaxb/txw2/2.3.3-b02/txw2-2.3.3-b02.jar:/Users/johnsanta/.m2/repository/com/sun/istack/istack-commons-runtime/3.0.10/istack-commons-runtime-3.0.10.jar:/Users/johnsanta/.m2/repository/com/sun/activation/jakarta.activation/1.2.1/jakarta.activation-1.2.1.jar:/Users/johnsanta/.m2/repository/org/jboss/spec/javax/xml/bind/jboss-jaxb-api_2.3_spec/2.0.0.Final/jboss-jaxb-api_2.3_spec-2.0.0.Final.jar:/Users/johnsanta/.m2/repository/jakarta/persistence/jakarta.persistence-api/2.2.3/jakarta.persistence-api-2.2.3.jar:/Users/johnsanta/.m2/repository/org/hibernate/quarkus-local-cache/0.1.1/quarkus-local-cache-0.1.1.jar:/Users/johnsanta/.m2/repository/io/quarkus/quarkus-caffeine/2.12.1.Final/quarkus-caffeine-2.12.1.Final.jar:/Users/johnsanta/.m2/repository/com/github/ben-manes/caffeine/caffeine/2.9.3/caffeine-2.9.3.jar:/Users/johnsanta/.m2/repository/com/google/errorprone/error_prone_annotations/2.15.0/error_prone_annotations-2.15.0.jar:/Users/johnsanta/.m2/repository/org/hibernate/reactive/hibernate-reactive-core/1.1.7.Final/hibernate-reactive-core-1.1.7.Final.jar:/Users/johnsanta/.m2/repository/io/quarkus/quarkus-hibernate-reactive-panache-common/2.12.1.Final/quarkus-hibernate-reactive-panache-common-2.12.1.Final.jar:/Users/johnsanta/.m2/repository/io/quarkus/quarkus-panache-common/2.12.1.Final/quarkus-panache-common-2.12.1.Final.jar:/Users/johnsanta/.m2/repository/io/quarkus/quarkus-panache-hibernate-common/2.12.1.Final/quarkus-panache-hibernate-common-2.12.1.Final.jar:/Users/johnsanta/.m2/repository/io/smallrye/common/smallrye-common-annotation/1.13.0/smallrye-common-annotation-1.13.0.jar:/Users/johnsanta/.m2/repository/io/quarkus/quarkus-hibernate-validator/2.12.1.Final/quarkus-hibernate-validator-2.12.1.Final.jar:/Users/johnsanta/.m2/repository/org/hibernate/validator/hibernate-validator/6.2.4.Final/hibernate-validator-6.2.4.Final.jar:/Users/johnsanta/.m2/repository/jakarta/validation/jakarta.validation-api/2.0.2/jakarta.validation-api-2.0.2.jar:/Users/johnsanta/.m2/repository/com/fasterxml/classmate/1.5.1/classmate-1.5.1.jar:/Users/johnsanta/.m2/repository/org/glassfish/jakarta.el/3.0.4/jakarta.el-3.0.4.jar:/Users/johnsanta/.m2/repository/io/smallrye/config/smallrye-config-validator/2.12.0/smallrye-config-validator-2.12.0.jar:/Users/johnsanta/.m2/repository/org/jboss/spec/javax/ws/rs/jboss-jaxrs-api_2.1_spec/2.0.1.Final/jboss-jaxrs-api_2.1_spec-2.0.1.Final.jar:/Users/johnsanta/.m2/repository/io/quarkus/quarkus-arc/2.12.1.Final/quarkus-arc-2.12.1.Final.jar:/Users/johnsanta/.m2/repository/io/quarkus/arc/arc/2.12.1.Final/arc-2.12.1.Final.jar:/Users/johnsanta/.m2/repository/jakarta/transaction/jakarta.transaction-api/1.3.3/jakarta.transaction-api-1.3.3.jar:/Users/johnsanta/.m2/repository/org/eclipse/microprofile/context-propagation/microprofile-context-propagation-api/1.2/microprofile-context-propagation-api-1.2.jar:/Users/johnsanta/.m2/repository/io/quarkus/quarkus-resteasy-reactive/2.12.1.Final/quarkus-resteasy-reactive-2.12.1.Final.jar:/Users/johnsanta/.m2/repository/io/quarkus/quarkus-resteasy-reactive-common/2.12.1.Final/quarkus-resteasy-reactive-common-2.12.1.Final.jar:/Users/johnsanta/.m2/repository/io/quarkus/resteasy/reactive/resteasy-reactive-common/2.12.1.Final/resteasy-reactive-common-2.12.1.Final.jar:/Users/johnsanta/.m2/repository/io/quarkus/resteasy/reactive/resteasy-reactive-common-types/2.12.1.Final/resteasy-reactive-common-types-2.12.1.Final.jar:/Users/johnsanta/.m2/repository/io/quarkus/resteasy/reactive/resteasy-reactive-vertx/2.12.1.Final/resteasy-reactive-vertx-2.12.1.Final.jar:/Users/johnsanta/.m2/repository/io/quarkus/resteasy/reactive/resteasy-reactive/2.12.1.Final/resteasy-reactive-2.12.1.Final.jar:/Users/johnsanta/.m2/repository/org/jboss/logging/commons-logging-jboss-logging/1.0.0.Final/commons-logging-jboss-logging-1.0.0.Final.jar:/Users/johnsanta/.m2/repository/io/quarkus/quarkus-jsonp/2.12.1.Final/quarkus-jsonp-2.12.1.Final.jar:/Users/johnsanta/.m2/repository/org/glassfish/jakarta.json/1.1.6/jakarta.json-1.1.6.jar:/Users/johnsanta/.m2/repository/io/quarkus/quarkus-junit5/2.12.1.Final/quarkus-junit5-2.12.1.Final.jar:/Users/johnsanta/.m2/repository/io/quarkus/quarkus-bootstrap-core/2.12.1.Final/quarkus-bootstrap-core-2.12.1.Final.jar:/Users/johnsanta/.m2/repository/io/quarkus/quarkus-bootstrap-app-model/2.12.1.Final/quarkus-bootstrap-app-model-2.12.1.Final.jar:/Users/johnsanta/.m2/repository/io/quarkus/quarkus-bootstrap-maven-resolver/2.12.1.Final/quarkus-bootstrap-maven-resolver-2.12.1.Final.jar:/Users/johnsanta/.m2/repository/org/apache/maven/maven-embedder/3.8.6/maven-embedder-3.8.6.jar:/Users/johnsanta/.m2/repository/org/apache/maven/maven-settings/3.8.6/maven-settings-3.8.6.jar:/Users/johnsanta/.m2/repository/org/apache/maven/maven-core/3.8.6/maven-core-3.8.6.jar:/Users/johnsanta/.m2/repository/org/apache/maven/maven-artifact/3.8.6/maven-artifact-3.8.6.jar:/Users/johnsanta/.m2/repository/org/codehaus/plexus/plexus-component-annotations/2.1.0/plexus-component-annotations-2.1.0.jar:/Users/johnsanta/.m2/repository/org/apache/maven/maven-plugin-api/3.8.6/maven-plugin-api-3.8.6.jar:/Users/johnsanta/.m2/repository/org/apache/maven/maven-model/3.8.6/maven-model-3.8.6.jar:/Users/johnsanta/.m2/repository/org/apache/maven/maven-model-builder/3.8.6/maven-model-builder-3.8.6.jar:/Users/johnsanta/.m2/repository/org/apache/maven/maven-builder-support/3.8.6/maven-builder-support-3.8.6.jar:/Users/johnsanta/.m2/repository/org/apache/maven/resolver/maven-resolver-api/1.6.3/maven-resolver-api-1.6.3.jar:/Users/johnsanta/.m2/repository/org/apache/maven/resolver/maven-resolver-util/1.6.3/maven-resolver-util-1.6.3.jar:/Users/johnsanta/.m2/repository/org/apache/maven/shared/maven-shared-utils/3.3.4/maven-shared-utils-3.3.4.jar:/Users/johnsanta/.m2/repository/commons-io/commons-io/2.11.0/commons-io-2.11.0.jar:/Users/johnsanta/.m2/repository/com/google/inject/guice/4.2.2/guice-4.2.2-no_aop.jar:/Users/johnsanta/.m2/repository/com/google/guava/guava/31.1-jre/guava-31.1-jre.jar:/Users/johnsanta/.m2/repository/com/google/guava/failureaccess/1.0.1/failureaccess-1.0.1.jar:/Users/johnsanta/.m2/repository/org/codehaus/plexus/plexus-classworlds/2.6.0/plexus-classworlds-2.6.0.jar:/Users/johnsanta/.m2/repository/org/codehaus/plexus/plexus-sec-dispatcher/2.0/plexus-sec-dispatcher-2.0.jar:/Users/johnsanta/.m2/repository/org/codehaus/plexus/plexus-cipher/2.0/plexus-cipher-2.0.jar:/Users/johnsanta/.m2/repository/commons-cli/commons-cli/1.4/commons-cli-1.4.jar:/Users/johnsanta/.m2/repository/org/eclipse/sisu/org.eclipse.sisu.plexus/0.3.5/org.eclipse.sisu.plexus-0.3.5.jar:/Users/johnsanta/.m2/repository/org/apache/maven/maven-settings-builder/3.8.6/maven-settings-builder-3.8.6.jar:/Users/johnsanta/.m2/repository/org/codehaus/plexus/plexus-interpolation/1.26/plexus-interpolation-1.26.jar:/Users/johnsanta/.m2/repository/org/apache/maven/maven-resolver-provider/3.8.6/maven-resolver-provider-3.8.6.jar:/Users/johnsanta/.m2/repository/org/apache/maven/maven-repository-metadata/3.8.6/maven-repository-metadata-3.8.6.jar:/Users/johnsanta/.m2/repository/org/apache/maven/resolver/maven-resolver-spi/1.6.3/maven-resolver-spi-1.6.3.jar:/Users/johnsanta/.m2/repository/org/apache/maven/resolver/maven-resolver-impl/1.6.3/maven-resolver-impl-1.6.3.jar:/Users/johnsanta/.m2/repository/org/codehaus/plexus/plexus-utils/3.3.0/plexus-utils-3.3.0.jar:/Users/johnsanta/.m2/repository/org/apache/maven/resolver/maven-resolver-connector-basic/1.6.3/maven-resolver-connector-basic-1.6.3.jar:/Users/johnsanta/.m2/repository/org/apache/maven/resolver/maven-resolver-transport-wagon/1.6.3/maven-resolver-transport-wagon-1.6.3.jar:/Users/johnsanta/.m2/repository/org/apache/maven/wagon/wagon-http/3.5.1/wagon-http-3.5.1.jar:/Users/johnsanta/.m2/repository/org/apache/maven/wagon/wagon-http-shared/3.5.1/wagon-http-shared-3.5.1.jar:/Users/johnsanta/.m2/repository/org/apache/maven/wagon/wagon-provider-api/3.5.1/wagon-provider-api-3.5.1.jar:/Users/johnsanta/.m2/repository/org/apache/maven/wagon/wagon-file/3.5.1/wagon-file-3.5.1.jar:/Users/johnsanta/.m2/repository/io/quarkus/quarkus-bootstrap-gradle-resolver/2.12.1.Final/quarkus-bootstrap-gradle-resolver-2.12.1.Final.jar:/Users/johnsanta/.m2/repository/io/smallrye/common/smallrye-common-io/1.13.0/smallrye-common-io-1.13.0.jar:/Users/johnsanta/.m2/repository/org/eclipse/sisu/org.eclipse.sisu.inject/0.3.5/org.eclipse.sisu.inject-0.3.5.jar:/Users/johnsanta/.m2/repository/io/quarkus/quarkus-test-common/2.12.1.Final/quarkus-test-common-2.12.1.Final.jar:/Users/johnsanta/.m2/repository/io/quarkus/quarkus-core-deployment/2.12.1.Final/quarkus-core-deployment-2.12.1.Final.jar:/Users/johnsanta/.m2/repository/org/aesh/readline/2.2/readline-2.2.jar:/Users/johnsanta/.m2/repository/org/fusesource/jansi/jansi/1.18/jansi-1.18.jar:/Users/johnsanta/.m2/repository/org/aesh/aesh/2.6/aesh-2.6.jar:/Users/johnsanta/.m2/repository/io/quarkus/gizmo/gizmo/1.1.0.Final/gizmo-1.1.0.Final.jar:/Users/johnsanta/.m2/repository/org/ow2/asm/asm-util/9.3/asm-util-9.3.jar:/Users/johnsanta/.m2/repository/org/ow2/asm/asm/9.3/asm-9.3.jar:/Users/johnsanta/.m2/repository/org/ow2/asm/asm-commons/9.3/asm-commons-9.3.jar:/Users/johnsanta/.m2/repository/org/ow2/asm/asm-tree/9.3/asm-tree-9.3.jar:/Users/johnsanta/.m2/repository/org/ow2/asm/asm-analysis/9.3/asm-analysis-9.3.jar:/Users/johnsanta/.m2/repository/io/quarkus/quarkus-class-change-agent/2.12.1.Final/quarkus-class-change-agent-2.12.1.Final.jar:/Users/johnsanta/.m2/repository/io/quarkus/quarkus-devtools-utilities/2.12.1.Final/quarkus-devtools-utilities-2.12.1.Final.jar:/Users/johnsanta/.m2/repository/io/quarkus/quarkus-builder/2.12.1.Final/quarkus-builder-2.12.1.Final.jar:/Users/johnsanta/.m2/repository/org/junit/platform/junit-platform-launcher/1.9.0/junit-platform-launcher-1.9.0.jar:/Users/johnsanta/.m2/repository/io/quarkus/quarkus-junit5-properties/2.12.1.Final/quarkus-junit5-properties-2.12.1.Final.jar:/Users/johnsanta/.m2/repository/org/junit/jupiter/junit-jupiter/5.9.0/junit-jupiter-5.9.0.jar:/Users/johnsanta/.m2/repository/org/junit/jupiter/junit-jupiter-api/5.9.0/junit-jupiter-api-5.9.0.jar:/Users/johnsanta/.m2/repository/org/opentest4j/opentest4j/1.2.0/opentest4j-1.2.0.jar:/Users/johnsanta/.m2/repository/org/junit/platform/junit-platform-commons/1.9.0/junit-platform-commons-1.9.0.jar:/Users/johnsanta/.m2/repository/org/apiguardian/apiguardian-api/1.1.2/apiguardian-api-1.1.2.jar:/Users/johnsanta/.m2/repository/org/junit/jupiter/junit-jupiter-params/5.9.0/junit-jupiter-params-5.9.0.jar:/Users/johnsanta/.m2/repository/org/junit/jupiter/junit-jupiter-engine/5.9.0/junit-jupiter-engine-5.9.0.jar:/Users/johnsanta/.m2/repository/org/junit/platform/junit-platform-engine/1.9.0/junit-platform-engine-1.9.0.jar:/Users/johnsanta/.m2/repository/com/thoughtworks/xstream/xstream/1.4.19/xstream-1.4.19.jar:/Users/johnsanta/.m2/repository/io/github/x-stream/mxparser/1.2.2/mxparser-1.2.2.jar:/Users/johnsanta/.m2/repository/xmlpull/xmlpull/1.1.3.1/xmlpull-1.1.3.1.jar:/Users/johnsanta/.m2/repository/io/rest-assured/rest-assured/4.5.1/rest-assured-4.5.1.jar:/Users/johnsanta/.m2/repository/org/codehaus/groovy/groovy/3.0.9/groovy-3.0.9.jar:/Users/johnsanta/.m2/repository/org/codehaus/groovy/groovy-xml/3.0.9/groovy-xml-3.0.9.jar:/Users/johnsanta/.m2/repository/org/apache/httpcomponents/httpclient/4.5.13/httpclient-4.5.13.jar:/Users/johnsanta/.m2/repository/org/apache/httpcomponents/httpcore/4.4.15/httpcore-4.4.15.jar:/Users/johnsanta/.m2/repository/commons-codec/commons-codec/1.15/commons-codec-1.15.jar:/Users/johnsanta/.m2/repository/org/apache/httpcomponents/httpmime/4.5.13/httpmime-4.5.13.jar:/Users/johnsanta/.m2/repository/org/hamcrest/hamcrest/2.1/hamcrest-2.1.jar:/Users/johnsanta/.m2/repository/org/ccil/cowan/tagsoup/tagsoup/1.2.1/tagsoup-1.2.1.jar:/Users/johnsanta/.m2/repository/io/rest-assured/json-path/4.5.1/json-path-4.5.1.jar:/Users/johnsanta/.m2/repository/org/codehaus/groovy/groovy-json/3.0.9/groovy-json-3.0.9.jar:/Users/johnsanta/.m2/repository/io/rest-assured/rest-assured-common/4.5.1/rest-assured-common-4.5.1.jar:/Users/johnsanta/.m2/repository/io/rest-assured/xml-path/4.5.1/xml-path-4.5.1.jar:/Users/johnsanta/.m2/repository/org/apache/commons/commons-lang3/3.12.0/commons-lang3-3.12.0.jar:"/>
    <property name="java.vm.vendor" value="Homebrew"/>
    <property name="sun.arch.data.model" value="64"/>
    <property name="java.vendor.url" value="https://github.com/Homebrew/homebrew-core/issues"/>
    <property name="user.timezone" value="America/Bogota"/>
    <property name="os.name" value="Mac OS X"/>
    <property name="java.vm.specification.version" value="18"/>
    <property name="sun.java.launcher" value="SUN_STANDARD"/>
    <property name="user.country" value="CO"/>
    <property name="mp.openapi.extensions.smallrye.defaultProduces" value="application/json"/>
    <property name="sun.boot.library.path" value="/usr/local/Cellar/openjdk/18.0.2/libexec/openjdk.jdk/Contents/Home/lib"/>
    <property name="sun.java.command" value="/Users/johnsanta/Documents/Programacion/Workshops/quarkus-super-hero/super-heroes/rest-heroes/target/surefire/surefirebooter-20220913140837774_3.jar /Users/johnsanta/Documents/Programacion/Workshops/quarkus-super-hero/super-heroes/rest-heroes/target/surefire 2022-09-13T14-08-37_538-jvmRun1 surefire-20220913140837774_1tmp surefire_0-20220913140837774_2tmp"/>
    <property name="http.nonProxyHosts" value="local|*.local|169.254/16|*.169.254/16"/>
    <property name="maven.home" value="/usr/local/Cellar/maven/3.8.6/libexec"/>
    <property name="jdk.debug" value="release"/>
    <property name="surefire.test.class.path" value="/Users/johnsanta/Documents/Programacion/Workshops/quarkus-super-hero/super-heroes/rest-heroes/target/test-classes:/Users/johnsanta/Documents/Programacion/Workshops/quarkus-super-hero/super-heroes/rest-heroes/target/classes:/Users/johnsanta/.m2/repository/io/quarkus/quarkus-reactive-pg-client/2.12.1.Final/quarkus-reactive-pg-client-2.12.1.Final.jar:/Users/johnsanta/.m2/repository/io/quarkus/quarkus-reactive-datasource/2.12.1.Final/quarkus-reactive-datasource-2.12.1.Final.jar:/Users/johnsanta/.m2/repository/io/quarkus/quarkus-datasource/2.12.1.Final/quarkus-datasource-2.12.1.Final.jar:/Users/johnsanta/.m2/repository/io/quarkus/quarkus-datasource-common/2.12.1.Final/quarkus-datasource-common-2.12.1.Final.jar:/Users/johnsanta/.m2/repository/io/vertx/vertx-sql-client/4.3.2/vertx-sql-client-4.3.2.jar:/Users/johnsanta/.m2/repository/io/quarkus/quarkus-vertx/2.12.1.Final/quarkus-vertx-2.12.1.Final.jar:/Users/johnsanta/.m2/repository/io/quarkus/quarkus-netty/2.12.1.Final/quarkus-netty-2.12.1.Final.jar:/Users/johnsanta/.m2/repository/io/netty/netty-codec/4.1.79.Final/netty-codec-4.1.79.Final.jar:/Users/johnsanta/.m2/repository/io/netty/netty-codec-http/4.1.79.Final/netty-codec-http-4.1.79.Final.jar:/Users/johnsanta/.m2/repository/io/netty/netty-codec-http2/4.1.79.Final/netty-codec-http2-4.1.79.Final.jar:/Users/johnsanta/.m2/repository/io/netty/netty-handler/4.1.79.Final/netty-handler-4.1.79.Final.jar:/Users/johnsanta/.m2/repository/io/netty/netty-transport-native-unix-common/4.1.79.Final/netty-transport-native-unix-common-4.1.79.Final.jar:/Users/johnsanta/.m2/repository/com/aayushatharva/brotli4j/brotli4j/1.7.1/brotli4j-1.7.1.jar:/Users/johnsanta/.m2/repository/com/aayushatharva/brotli4j/native-osx-x86_64/1.7.1/native-osx-x86_64-1.7.1.jar:/Users/johnsanta/.m2/repository/io/netty/netty-codec-haproxy/4.1.79.Final/netty-codec-haproxy-4.1.79.Final.jar:/Users/johnsanta/.m2/repository/io/netty/netty-buffer/4.1.79.Final/netty-buffer-4.1.79.Final.jar:/Users/johnsanta/.m2/repository/io/netty/netty-transport/4.1.79.Final/netty-transport-4.1.79.Final.jar:/Users/johnsanta/.m2/repository/io/smallrye/common/smallrye-common-vertx-context/1.13.0/smallrye-common-vertx-context-1.13.0.jar:/Users/johnsanta/.m2/repository/io/smallrye/common/smallrye-common-constraint/1.13.0/smallrye-common-constraint-1.13.0.jar:/Users/johnsanta/.m2/repository/io/quarkus/quarkus-mutiny/2.12.1.Final/quarkus-mutiny-2.12.1.Final.jar:/Users/johnsanta/.m2/repository/io/smallrye/reactive/mutiny/1.7.0/mutiny-1.7.0.jar:/Users/johnsanta/.m2/repository/org/reactivestreams/reactive-streams/1.0.3/reactive-streams-1.0.3.jar:/Users/johnsanta/.m2/repository/io/quarkus/quarkus-smallrye-context-propagation/2.12.1.Final/quarkus-smallrye-context-propagation-2.12.1.Final.jar:/Users/johnsanta/.m2/repository/io/smallrye/smallrye-context-propagation/1.2.2/smallrye-context-propagation-1.2.2.jar:/Users/johnsanta/.m2/repository/io/smallrye/smallrye-context-propagation-api/1.2.2/smallrye-context-propagation-api-1.2.2.jar:/Users/johnsanta/.m2/repository/io/smallrye/smallrye-context-propagation-storage/1.2.2/smallrye-context-propagation-storage-1.2.2.jar:/Users/johnsanta/.m2/repository/io/smallrye/reactive/mutiny-smallrye-context-propagation/1.7.0/mutiny-smallrye-context-propagation-1.7.0.jar:/Users/johnsanta/.m2/repository/io/quarkus/quarkus-vertx-latebound-mdc-provider/2.12.1.Final/quarkus-vertx-latebound-mdc-provider-2.12.1.Final.jar:/Users/johnsanta/.m2/repository/io/smallrye/reactive/smallrye-mutiny-vertx-core/2.25.0/smallrye-mutiny-vertx-core-2.25.0.jar:/Users/johnsanta/.m2/repository/io/smallrye/reactive/smallrye-mutiny-vertx-runtime/2.25.0/smallrye-mutiny-vertx-runtime-2.25.0.jar:/Users/johnsanta/.m2/repository/io/smallrye/reactive/vertx-mutiny-generator/2.25.0/vertx-mutiny-generator-2.25.0.jar:/Users/johnsanta/.m2/repository/io/vertx/vertx-codegen/4.3.2/vertx-codegen-4.3.2.jar:/Users/johnsanta/.m2/repository/io/smallrye/smallrye-fault-tolerance-vertx/5.5.0/smallrye-fault-tolerance-vertx-5.5.0.jar:/Users/johnsanta/.m2/repository/io/vertx/vertx-pg-client/4.3.2/vertx-pg-client-4.3.2.jar:/Users/johnsanta/.m2/repository/io/vertx/vertx-core/4.3.2/vertx-core-4.3.2.jar:/Users/johnsanta/.m2/repository/io/netty/netty-common/4.1.79.Final/netty-common-4.1.79.Final.jar:/Users/johnsanta/.m2/repository/io/netty/netty-handler-proxy/4.1.79.Final/netty-handler-proxy-4.1.79.Final.jar:/Users/johnsanta/.m2/repository/io/netty/netty-codec-socks/4.1.79.Final/netty-codec-socks-4.1.79.Final.jar:/Users/johnsanta/.m2/repository/io/netty/netty-resolver/4.1.79.Final/netty-resolver-4.1.79.Final.jar:/Users/johnsanta/.m2/repository/io/netty/netty-resolver-dns/4.1.79.Final/netty-resolver-dns-4.1.79.Final.jar:/Users/johnsanta/.m2/repository/io/netty/netty-codec-dns/4.1.79.Final/netty-codec-dns-4.1.79.Final.jar:/Users/johnsanta/.m2/repository/com/ongres/scram/client/2.1/client-2.1.jar:/Users/johnsanta/.m2/repository/com/ongres/scram/common/2.1/common-2.1.jar:/Users/johnsanta/.m2/repository/com/ongres/stringprep/saslprep/1.1/saslprep-1.1.jar:/Users/johnsanta/.m2/repository/com/ongres/stringprep/stringprep/1.1/stringprep-1.1.jar:/Users/johnsanta/.m2/repository/io/smallrye/reactive/smallrye-mutiny-vertx-pg-client/2.25.0/smallrye-mutiny-vertx-pg-client-2.25.0.jar:/Users/johnsanta/.m2/repository/io/smallrye/reactive/smallrye-mutiny-vertx-sql-client/2.25.0/smallrye-mutiny-vertx-sql-client-2.25.0.jar:/Users/johnsanta/.m2/repository/io/quarkus/quarkus-credentials/2.12.1.Final/quarkus-credentials-2.12.1.Final.jar:/Users/johnsanta/.m2/repository/io/quarkus/quarkus-smallrye-openapi/2.12.1.Final/quarkus-smallrye-openapi-2.12.1.Final.jar:/Users/johnsanta/.m2/repository/io/smallrye/smallrye-open-api-core/2.2.1/smallrye-open-api-core-2.2.1.jar:/Users/johnsanta/.m2/repository/org/eclipse/microprofile/openapi/microprofile-openapi-api/2.0.1/microprofile-openapi-api-2.0.1.jar:/Users/johnsanta/.m2/repository/org/eclipse/microprofile/config/microprofile-config-api/2.0.1/microprofile-config-api-2.0.1.jar:/Users/johnsanta/.m2/repository/com/fasterxml/jackson/core/jackson-core/2.13.3/jackson-core-2.13.3.jar:/Users/johnsanta/.m2/repository/com/fasterxml/jackson/core/jackson-databind/2.13.3/jackson-databind-2.13.3.jar:/Users/johnsanta/.m2/repository/com/fasterxml/jackson/core/jackson-annotations/2.13.3/jackson-annotations-2.13.3.jar:/Users/johnsanta/.m2/repository/com/fasterxml/jackson/dataformat/jackson-dataformat-yaml/2.13.3/jackson-dataformat-yaml-2.13.3.jar:/Users/johnsanta/.m2/repository/org/yaml/snakeyaml/1.30/snakeyaml-1.30.jar:/Users/johnsanta/.m2/repository/org/jboss/jandex/2.4.3.Final/jandex-2.4.3.Final.jar:/Users/johnsanta/.m2/repository/org/jboss/logging/jboss-logging/3.5.0.Final/jboss-logging-3.5.0.Final.jar:/Users/johnsanta/.m2/repository/io/quarkus/quarkus-core/2.12.1.Final/quarkus-core-2.12.1.Final.jar:/Users/johnsanta/.m2/repository/jakarta/annotation/jakarta.annotation-api/1.3.5/jakarta.annotation-api-1.3.5.jar:/Users/johnsanta/.m2/repository/jakarta/enterprise/jakarta.enterprise.cdi-api/2.0.2/jakarta.enterprise.cdi-api-2.0.2.jar:/Users/johnsanta/.m2/repository/jakarta/el/jakarta.el-api/3.0.3/jakarta.el-api-3.0.3.jar:/Users/johnsanta/.m2/repository/jakarta/interceptor/jakarta.interceptor-api/1.2.5/jakarta.interceptor-api-1.2.5.jar:/Users/johnsanta/.m2/repository/jakarta/inject/jakarta.inject-api/1.0/jakarta.inject-api-1.0.jar:/Users/johnsanta/.m2/repository/io/quarkus/quarkus-ide-launcher/2.12.1.Final/quarkus-ide-launcher-2.12.1.Final.jar:/Users/johnsanta/.m2/repository/io/quarkus/quarkus-development-mode-spi/2.12.1.Final/quarkus-development-mode-spi-2.12.1.Final.jar:/Users/johnsanta/.m2/repository/io/smallrye/config/smallrye-config/2.12.0/smallrye-config-2.12.0.jar:/Users/johnsanta/.m2/repository/io/smallrye/config/smallrye-config-core/2.12.0/smallrye-config-core-2.12.0.jar:/Users/johnsanta/.m2/repository/io/smallrye/common/smallrye-common-expression/1.13.0/smallrye-common-expression-1.13.0.jar:/Users/johnsanta/.m2/repository/io/smallrye/common/smallrye-common-function/1.13.0/smallrye-common-function-1.13.0.jar:/Users/johnsanta/.m2/repository/io/smallrye/common/smallrye-common-classloader/1.13.0/smallrye-common-classloader-1.13.0.jar:/Users/johnsanta/.m2/repository/io/smallrye/config/smallrye-config-common/2.12.0/smallrye-config-common-2.12.0.jar:/Users/johnsanta/.m2/repository/org/jboss/logmanager/jboss-logmanager-embedded/1.0.10/jboss-logmanager-embedded-1.0.10.jar:/Users/johnsanta/.m2/repository/org/jboss/logging/jboss-logging-annotations/2.2.1.Final/jboss-logging-annotations-2.2.1.Final.jar:/Users/johnsanta/.m2/repository/org/jboss/threads/jboss-threads/3.4.2.Final/jboss-threads-3.4.2.Final.jar:/Users/johnsanta/.m2/repository/org/slf4j/slf4j-api/1.7.36/slf4j-api-1.7.36.jar:/Users/johnsanta/.m2/repository/org/jboss/slf4j/slf4j-jboss-logmanager/1.1.0.Final/slf4j-jboss-logmanager-1.1.0.Final.jar:/Users/johnsanta/.m2/repository/org/graalvm/sdk/graal-sdk/22.2.0/graal-sdk-22.2.0.jar:/Users/johnsanta/.m2/repository/org/wildfly/common/wildfly-common/1.5.4.Final-format-001/wildfly-common-1.5.4.Final-format-001.jar:/Users/johnsanta/.m2/repository/io/quarkus/quarkus-bootstrap-runner/2.12.1.Final/quarkus-bootstrap-runner-2.12.1.Final.jar:/Users/johnsanta/.m2/repository/io/quarkus/quarkus-fs-util/0.0.9/quarkus-fs-util-0.0.9.jar:/Users/johnsanta/.m2/repository/io/quarkus/quarkus-vertx-http/2.12.1.Final/quarkus-vertx-http-2.12.1.Final.jar:/Users/johnsanta/.m2/repository/io/quarkus/quarkus-security-runtime-spi/2.12.1.Final/quarkus-security-runtime-spi-2.12.1.Final.jar:/Users/johnsanta/.m2/repository/io/quarkus/quarkus-vertx-http-dev-console-runtime-spi/2.12.1.Final/quarkus-vertx-http-dev-console-runtime-spi-2.12.1.Final.jar:/Users/johnsanta/.m2/repository/io/quarkus/security/quarkus-security/1.1.4.Final/quarkus-security-1.1.4.Final.jar:/Users/johnsanta/.m2/repository/io/smallrye/reactive/smallrye-mutiny-vertx-web/2.25.0/smallrye-mutiny-vertx-web-2.25.0.jar:/Users/johnsanta/.m2/repository/io/smallrye/reactive/smallrye-mutiny-vertx-web-common/2.25.0/smallrye-mutiny-vertx-web-common-2.25.0.jar:/Users/johnsanta/.m2/repository/io/smallrye/reactive/smallrye-mutiny-vertx-auth-common/2.25.0/smallrye-mutiny-vertx-auth-common-2.25.0.jar:/Users/johnsanta/.m2/repository/io/smallrye/reactive/smallrye-mutiny-vertx-bridge-common/2.25.0/smallrye-mutiny-vertx-bridge-common-2.25.0.jar:/Users/johnsanta/.m2/repository/io/smallrye/reactive/smallrye-mutiny-vertx-uri-template/2.25.0/smallrye-mutiny-vertx-uri-template-2.25.0.jar:/Users/johnsanta/.m2/repository/io/vertx/vertx-uri-template/4.3.2/vertx-uri-template-4.3.2.jar:/Users/johnsanta/.m2/repository/io/vertx/vertx-web/4.3.2/vertx-web-4.3.2.jar:/Users/johnsanta/.m2/repository/io/vertx/vertx-web-common/4.3.2/vertx-web-common-4.3.2.jar:/Users/johnsanta/.m2/repository/io/vertx/vertx-auth-common/4.3.2/vertx-auth-common-4.3.2.jar:/Users/johnsanta/.m2/repository/io/vertx/vertx-bridge-common/4.3.2/vertx-bridge-common-4.3.2.jar:/Users/johnsanta/.m2/repository/io/github/crac/org-crac/0.1.1/org-crac-0.1.1.jar:/Users/johnsanta/.m2/repository/io/quarkus/quarkus-swagger-ui/2.12.1.Final/quarkus-swagger-ui-2.12.1.Final.jar:/Users/johnsanta/.m2/repository/io/quarkus/quarkus-resteasy-reactive-jackson/2.12.1.Final/quarkus-resteasy-reactive-jackson-2.12.1.Final.jar:/Users/johnsanta/.m2/repository/io/quarkus/quarkus-resteasy-reactive-jackson-common/2.12.1.Final/quarkus-resteasy-reactive-jackson-common-2.12.1.Final.jar:/Users/johnsanta/.m2/repository/io/quarkus/resteasy/reactive/resteasy-reactive-jackson/2.12.1.Final/resteasy-reactive-jackson-2.12.1.Final.jar:/Users/johnsanta/.m2/repository/io/quarkus/quarkus-jackson/2.12.1.Final/quarkus-jackson-2.12.1.Final.jar:/Users/johnsanta/.m2/repository/com/fasterxml/jackson/datatype/jackson-datatype-jsr310/2.13.3/jackson-datatype-jsr310-2.13.3.jar:/Users/johnsanta/.m2/repository/com/fasterxml/jackson/datatype/jackson-datatype-jdk8/2.13.3/jackson-datatype-jdk8-2.13.3.jar:/Users/johnsanta/.m2/repository/com/fasterxml/jackson/module/jackson-module-parameter-names/2.13.3/jackson-module-parameter-names-2.13.3.jar:/Users/johnsanta/.m2/repository/io/quarkus/quarkus-hibernate-reactive-panache/2.12.1.Final/quarkus-hibernate-reactive-panache-2.12.1.Final.jar:/Users/johnsanta/.m2/repository/io/quarkus/quarkus-hibernate-reactive/2.12.1.Final/quarkus-hibernate-reactive-2.12.1.Final.jar:/Users/johnsanta/.m2/repository/io/quarkus/quarkus-hibernate-orm/2.12.1.Final/quarkus-hibernate-orm-2.12.1.Final.jar:/Users/johnsanta/.m2/repository/org/hibernate/hibernate-core/5.6.10.Final/hibernate-core-5.6.10.Final.jar:/Users/johnsanta/.m2/repository/net/bytebuddy/byte-buddy/1.12.9/byte-buddy-1.12.9.jar:/Users/johnsanta/.m2/repository/antlr/antlr/2.7.7/antlr-2.7.7.jar:/Users/johnsanta/.m2/repository/org/hibernate/common/hibernate-commons-annotations/5.1.2.Final/hibernate-commons-annotations-5.1.2.Final.jar:/Users/johnsanta/.m2/repository/org/hibernate/hibernate-graalvm/5.6.10.Final/hibernate-graalvm-5.6.10.Final.jar:/Users/johnsanta/.m2/repository/org/glassfish/jaxb/jaxb-runtime/2.3.3-b02/jaxb-runtime-2.3.3-b02.jar:/Users/johnsanta/.m2/repository/org/glassfish/jaxb/txw2/2.3.3-b02/txw2-2.3.3-b02.jar:/Users/johnsanta/.m2/repository/com/sun/istack/istack-commons-runtime/3.0.10/istack-commons-runtime-3.0.10.jar:/Users/johnsanta/.m2/repository/com/sun/activation/jakarta.activation/1.2.1/jakarta.activation-1.2.1.jar:/Users/johnsanta/.m2/repository/org/jboss/spec/javax/xml/bind/jboss-jaxb-api_2.3_spec/2.0.0.Final/jboss-jaxb-api_2.3_spec-2.0.0.Final.jar:/Users/johnsanta/.m2/repository/jakarta/persistence/jakarta.persistence-api/2.2.3/jakarta.persistence-api-2.2.3.jar:/Users/johnsanta/.m2/repository/org/hibernate/quarkus-local-cache/0.1.1/quarkus-local-cache-0.1.1.jar:/Users/johnsanta/.m2/repository/io/quarkus/quarkus-caffeine/2.12.1.Final/quarkus-caffeine-2.12.1.Final.jar:/Users/johnsanta/.m2/repository/com/github/ben-manes/caffeine/caffeine/2.9.3/caffeine-2.9.3.jar:/Users/johnsanta/.m2/repository/com/google/errorprone/error_prone_annotations/2.15.0/error_prone_annotations-2.15.0.jar:/Users/johnsanta/.m2/repository/org/hibernate/reactive/hibernate-reactive-core/1.1.7.Final/hibernate-reactive-core-1.1.7.Final.jar:/Users/johnsanta/.m2/repository/io/quarkus/quarkus-hibernate-reactive-panache-common/2.12.1.Final/quarkus-hibernate-reactive-panache-common-2.12.1.Final.jar:/Users/johnsanta/.m2/repository/io/quarkus/quarkus-panache-common/2.12.1.Final/quarkus-panache-common-2.12.1.Final.jar:/Users/johnsanta/.m2/repository/io/quarkus/quarkus-panache-hibernate-common/2.12.1.Final/quarkus-panache-hibernate-common-2.12.1.Final.jar:/Users/johnsanta/.m2/repository/io/smallrye/common/smallrye-common-annotation/1.13.0/smallrye-common-annotation-1.13.0.jar:/Users/johnsanta/.m2/repository/io/quarkus/quarkus-hibernate-validator/2.12.1.Final/quarkus-hibernate-validator-2.12.1.Final.jar:/Users/johnsanta/.m2/repository/org/hibernate/validator/hibernate-validator/6.2.4.Final/hibernate-validator-6.2.4.Final.jar:/Users/johnsanta/.m2/repository/jakarta/validation/jakarta.validation-api/2.0.2/jakarta.validation-api-2.0.2.jar:/Users/johnsanta/.m2/repository/com/fasterxml/classmate/1.5.1/classmate-1.5.1.jar:/Users/johnsanta/.m2/repository/org/glassfish/jakarta.el/3.0.4/jakarta.el-3.0.4.jar:/Users/johnsanta/.m2/repository/io/smallrye/config/smallrye-config-validator/2.12.0/smallrye-config-validator-2.12.0.jar:/Users/johnsanta/.m2/repository/org/jboss/spec/javax/ws/rs/jboss-jaxrs-api_2.1_spec/2.0.1.Final/jboss-jaxrs-api_2.1_spec-2.0.1.Final.jar:/Users/johnsanta/.m2/repository/io/quarkus/quarkus-arc/2.12.1.Final/quarkus-arc-2.12.1.Final.jar:/Users/johnsanta/.m2/repository/io/quarkus/arc/arc/2.12.1.Final/arc-2.12.1.Final.jar:/Users/johnsanta/.m2/repository/jakarta/transaction/jakarta.transaction-api/1.3.3/jakarta.transaction-api-1.3.3.jar:/Users/johnsanta/.m2/repository/org/eclipse/microprofile/context-propagation/microprofile-context-propagation-api/1.2/microprofile-context-propagation-api-1.2.jar:/Users/johnsanta/.m2/repository/io/quarkus/quarkus-resteasy-reactive/2.12.1.Final/quarkus-resteasy-reactive-2.12.1.Final.jar:/Users/johnsanta/.m2/repository/io/quarkus/quarkus-resteasy-reactive-common/2.12.1.Final/quarkus-resteasy-reactive-common-2.12.1.Final.jar:/Users/johnsanta/.m2/repository/io/quarkus/resteasy/reactive/resteasy-reactive-common/2.12.1.Final/resteasy-reactive-common-2.12.1.Final.jar:/Users/johnsanta/.m2/repository/io/quarkus/resteasy/reactive/resteasy-reactive-common-types/2.12.1.Final/resteasy-reactive-common-types-2.12.1.Final.jar:/Users/johnsanta/.m2/repository/io/quarkus/resteasy/reactive/resteasy-reactive-vertx/2.12.1.Final/resteasy-reactive-vertx-2.12.1.Final.jar:/Users/johnsanta/.m2/repository/io/quarkus/resteasy/reactive/resteasy-reactive/2.12.1.Final/resteasy-reactive-2.12.1.Final.jar:/Users/johnsanta/.m2/repository/org/jboss/logging/commons-logging-jboss-logging/1.0.0.Final/commons-logging-jboss-logging-1.0.0.Final.jar:/Users/johnsanta/.m2/repository/io/quarkus/quarkus-jsonp/2.12.1.Final/quarkus-jsonp-2.12.1.Final.jar:/Users/johnsanta/.m2/repository/org/glassfish/jakarta.json/1.1.6/jakarta.json-1.1.6.jar:/Users/johnsanta/.m2/repository/io/quarkus/quarkus-junit5/2.12.1.Final/quarkus-junit5-2.12.1.Final.jar:/Users/johnsanta/.m2/repository/io/quarkus/quarkus-bootstrap-core/2.12.1.Final/quarkus-bootstrap-core-2.12.1.Final.jar:/Users/johnsanta/.m2/repository/io/quarkus/quarkus-bootstrap-app-model/2.12.1.Final/quarkus-bootstrap-app-model-2.12.1.Final.jar:/Users/johnsanta/.m2/repository/io/quarkus/quarkus-bootstrap-maven-resolver/2.12.1.Final/quarkus-bootstrap-maven-resolver-2.12.1.Final.jar:/Users/johnsanta/.m2/repository/org/apache/maven/maven-embedder/3.8.6/maven-embedder-3.8.6.jar:/Users/johnsanta/.m2/repository/org/apache/maven/maven-settings/3.8.6/maven-settings-3.8.6.jar:/Users/johnsanta/.m2/repository/org/apache/maven/maven-core/3.8.6/maven-core-3.8.6.jar:/Users/johnsanta/.m2/repository/org/apache/maven/maven-artifact/3.8.6/maven-artifact-3.8.6.jar:/Users/johnsanta/.m2/repository/org/codehaus/plexus/plexus-component-annotations/2.1.0/plexus-component-annotations-2.1.0.jar:/Users/johnsanta/.m2/repository/org/apache/maven/maven-plugin-api/3.8.6/maven-plugin-api-3.8.6.jar:/Users/johnsanta/.m2/repository/org/apache/maven/maven-model/3.8.6/maven-model-3.8.6.jar:/Users/johnsanta/.m2/repository/org/apache/maven/maven-model-builder/3.8.6/maven-model-builder-3.8.6.jar:/Users/johnsanta/.m2/repository/org/apache/maven/maven-builder-support/3.8.6/maven-builder-support-3.8.6.jar:/Users/johnsanta/.m2/repository/org/apache/maven/resolver/maven-resolver-api/1.6.3/maven-resolver-api-1.6.3.jar:/Users/johnsanta/.m2/repository/org/apache/maven/resolver/maven-resolver-util/1.6.3/maven-resolver-util-1.6.3.jar:/Users/johnsanta/.m2/repository/org/apache/maven/shared/maven-shared-utils/3.3.4/maven-shared-utils-3.3.4.jar:/Users/johnsanta/.m2/repository/commons-io/commons-io/2.11.0/commons-io-2.11.0.jar:/Users/johnsanta/.m2/repository/com/google/inject/guice/4.2.2/guice-4.2.2-no_aop.jar:/Users/johnsanta/.m2/repository/com/google/guava/guava/31.1-jre/guava-31.1-jre.jar:/Users/johnsanta/.m2/repository/com/google/guava/failureaccess/1.0.1/failureaccess-1.0.1.jar:/Users/johnsanta/.m2/repository/org/codehaus/plexus/plexus-classworlds/2.6.0/plexus-classworlds-2.6.0.jar:/Users/johnsanta/.m2/repository/org/codehaus/plexus/plexus-sec-dispatcher/2.0/plexus-sec-dispatcher-2.0.jar:/Users/johnsanta/.m2/repository/org/codehaus/plexus/plexus-cipher/2.0/plexus-cipher-2.0.jar:/Users/johnsanta/.m2/repository/commons-cli/commons-cli/1.4/commons-cli-1.4.jar:/Users/johnsanta/.m2/repository/org/eclipse/sisu/org.eclipse.sisu.plexus/0.3.5/org.eclipse.sisu.plexus-0.3.5.jar:/Users/johnsanta/.m2/repository/org/apache/maven/maven-settings-builder/3.8.6/maven-settings-builder-3.8.6.jar:/Users/johnsanta/.m2/repository/org/codehaus/plexus/plexus-interpolation/1.26/plexus-interpolation-1.26.jar:/Users/johnsanta/.m2/repository/org/apache/maven/maven-resolver-provider/3.8.6/maven-resolver-provider-3.8.6.jar:/Users/johnsanta/.m2/repository/org/apache/maven/maven-repository-metadata/3.8.6/maven-repository-metadata-3.8.6.jar:/Users/johnsanta/.m2/repository/org/apache/maven/resolver/maven-resolver-spi/1.6.3/maven-resolver-spi-1.6.3.jar:/Users/johnsanta/.m2/repository/org/apache/maven/resolver/maven-resolver-impl/1.6.3/maven-resolver-impl-1.6.3.jar:/Users/johnsanta/.m2/repository/org/codehaus/plexus/plexus-utils/3.3.0/plexus-utils-3.3.0.jar:/Users/johnsanta/.m2/repository/org/apache/maven/resolver/maven-resolver-connector-basic/1.6.3/maven-resolver-connector-basic-1.6.3.jar:/Users/johnsanta/.m2/repository/org/apache/maven/resolver/maven-resolver-transport-wagon/1.6.3/maven-resolver-transport-wagon-1.6.3.jar:/Users/johnsanta/.m2/repository/org/apache/maven/wagon/wagon-http/3.5.1/wagon-http-3.5.1.jar:/Users/johnsanta/.m2/repository/org/apache/maven/wagon/wagon-http-shared/3.5.1/wagon-http-shared-3.5.1.jar:/Users/johnsanta/.m2/repository/org/apache/maven/wagon/wagon-provider-api/3.5.1/wagon-provider-api-3.5.1.jar:/Users/johnsanta/.m2/repository/org/apache/maven/wagon/wagon-file/3.5.1/wagon-file-3.5.1.jar:/Users/johnsanta/.m2/repository/io/quarkus/quarkus-bootstrap-gradle-resolver/2.12.1.Final/quarkus-bootstrap-gradle-resolver-2.12.1.Final.jar:/Users/johnsanta/.m2/repository/io/smallrye/common/smallrye-common-io/1.13.0/smallrye-common-io-1.13.0.jar:/Users/johnsanta/.m2/repository/org/eclipse/sisu/org.eclipse.sisu.inject/0.3.5/org.eclipse.sisu.inject-0.3.5.jar:/Users/johnsanta/.m2/repository/io/quarkus/quarkus-test-common/2.12.1.Final/quarkus-test-common-2.12.1.Final.jar:/Users/johnsanta/.m2/repository/io/quarkus/quarkus-core-deployment/2.12.1.Final/quarkus-core-deployment-2.12.1.Final.jar:/Users/johnsanta/.m2/repository/org/aesh/readline/2.2/readline-2.2.jar:/Users/johnsanta/.m2/repository/org/fusesource/jansi/jansi/1.18/jansi-1.18.jar:/Users/johnsanta/.m2/repository/org/aesh/aesh/2.6/aesh-2.6.jar:/Users/johnsanta/.m2/repository/io/quarkus/gizmo/gizmo/1.1.0.Final/gizmo-1.1.0.Final.jar:/Users/johnsanta/.m2/repository/org/ow2/asm/asm-util/9.3/asm-util-9.3.jar:/Users/johnsanta/.m2/repository/org/ow2/asm/asm/9.3/asm-9.3.jar:/Users/johnsanta/.m2/repository/org/ow2/asm/asm-commons/9.3/asm-commons-9.3.jar:/Users/johnsanta/.m2/repository/org/ow2/asm/asm-tree/9.3/asm-tree-9.3.jar:/Users/johnsanta/.m2/repository/org/ow2/asm/asm-analysis/9.3/asm-analysis-9.3.jar:/Users/johnsanta/.m2/repository/io/quarkus/quarkus-class-change-agent/2.12.1.Final/quarkus-class-change-agent-2.12.1.Final.jar:/Users/johnsanta/.m2/repository/io/quarkus/quarkus-devtools-utilities/2.12.1.Final/quarkus-devtools-utilities-2.12.1.Final.jar:/Users/johnsanta/.m2/repository/io/quarkus/quarkus-builder/2.12.1.Final/quarkus-builder-2.12.1.Final.jar:/Users/johnsanta/.m2/repository/org/junit/platform/junit-platform-launcher/1.9.0/junit-platform-launcher-1.9.0.jar:/Users/johnsanta/.m2/repository/io/quarkus/quarkus-junit5-properties/2.12.1.Final/quarkus-junit5-properties-2.12.1.Final.jar:/Users/johnsanta/.m2/repository/org/junit/jupiter/junit-jupiter/5.9.0/junit-jupiter-5.9.0.jar:/Users/johnsanta/.m2/repository/org/junit/jupiter/junit-jupiter-api/5.9.0/junit-jupiter-api-5.9.0.jar:/Users/johnsanta/.m2/repository/org/opentest4j/opentest4j/1.2.0/opentest4j-1.2.0.jar:/Users/johnsanta/.m2/repository/org/junit/platform/junit-platform-commons/1.9.0/junit-platform-commons-1.9.0.jar:/Users/johnsanta/.m2/repository/org/apiguardian/apiguardian-api/1.1.2/apiguardian-api-1.1.2.jar:/Users/johnsanta/.m2/repository/org/junit/jupiter/junit-jupiter-params/5.9.0/junit-jupiter-params-5.9.0.jar:/Users/johnsanta/.m2/repository/org/junit/jupiter/junit-jupiter-engine/5.9.0/junit-jupiter-engine-5.9.0.jar:/Users/johnsanta/.m2/repository/org/junit/platform/junit-platform-engine/1.9.0/junit-platform-engine-1.9.0.jar:/Users/johnsanta/.m2/repository/com/thoughtworks/xstream/xstream/1.4.19/xstream-1.4.19.jar:/Users/johnsanta/.m2/repository/io/github/x-stream/mxparser/1.2.2/mxparser-1.2.2.jar:/Users/johnsanta/.m2/repository/xmlpull/xmlpull/1.1.3.1/xmlpull-1.1.3.1.jar:/Users/johnsanta/.m2/repository/io/rest-assured/rest-assured/4.5.1/rest-assured-4.5.1.jar:/Users/johnsanta/.m2/repository/org/codehaus/groovy/groovy/3.0.9/groovy-3.0.9.jar:/Users/johnsanta/.m2/repository/org/codehaus/groovy/groovy-xml/3.0.9/groovy-xml-3.0.9.jar:/Users/johnsanta/.m2/repository/org/apache/httpcomponents/httpclient/4.5.13/httpclient-4.5.13.jar:/Users/johnsanta/.m2/repository/org/apache/httpcomponents/httpcore/4.4.15/httpcore-4.4.15.jar:/Users/johnsanta/.m2/repository/commons-codec/commons-codec/1.15/commons-codec-1.15.jar:/Users/johnsanta/.m2/repository/org/apache/httpcomponents/httpmime/4.5.13/httpmime-4.5.13.jar:/Users/johnsanta/.m2/repository/org/hamcrest/hamcrest/2.1/hamcrest-2.1.jar:/Users/johnsanta/.m2/repository/org/ccil/cowan/tagsoup/tagsoup/1.2.1/tagsoup-1.2.1.jar:/Users/johnsanta/.m2/repository/io/rest-assured/json-path/4.5.1/json-path-4.5.1.jar:/Users/johnsanta/.m2/repository/org/codehaus/groovy/groovy-json/3.0.9/groovy-json-3.0.9.jar:/Users/johnsanta/.m2/repository/io/rest-assured/rest-assured-common/4.5.1/rest-assured-common-4.5.1.jar:/Users/johnsanta/.m2/repository/io/rest-assured/xml-path/4.5.1/xml-path-4.5.1.jar:/Users/johnsanta/.m2/repository/org/apache/commons/commons-lang3/3.12.0/commons-lang3-3.12.0.jar:"/>
    <property name="sun.cpu.endian" value="little"/>
    <property name="user.home" value="/Users/johnsanta"/>
    <property name="user.language" value="es"/>
    <property name="java.specification.vendor" value="Oracle Corporation"/>
    <property name="io.netty.allocator.maxOrder" value="3"/>
    <property name="java.version.date" value="2022-07-19"/>
    <property name="java.home" value="/usr/local/Cellar/openjdk/18.0.2/libexec/openjdk.jdk/Contents/Home"/>
    <property name="file.separator" value="/"/>
    <property name="basedir" value="/Users/johnsanta/Documents/Programacion/Workshops/quarkus-super-hero/super-heroes/rest-heroes"/>
    <property name="java.vm.compressedOopsMode" value="Zero based"/>
    <property name="line.separator" value="&#10;"/>
    <property name="java.vm.specification.vendor" value="Oracle Corporation"/>
    <property name="java.specification.name" value="Java Platform API Specification"/>
    <property name="apple.awt.application.name" value="ForkedBooter"/>
    <property name="surefire.real.class.path" value="/Users/johnsanta/Documents/Programacion/Workshops/quarkus-super-hero/super-heroes/rest-heroes/target/surefire/surefirebooter-20220913140837774_3.jar"/>
    <property name="sun.management.compiler" value="HotSpot 64-Bit Tiered Compilers"/>
    <property name="ftp.nonProxyHosts" value="local|*.local|169.254/16|*.169.254/16"/>
    <property name="java.runtime.version" value="18.0.2+0"/>
    <property name="user.name" value="johnsanta"/>
    <property name="path.separator" value=":"/>
    <property name="os.version" value="12.5.1"/>
    <property name="java.runtime.name" value="OpenJDK Runtime Environment"/>
    <property name="file.encoding" value="UTF-8"/>
    <property name="java.vm.name" value="OpenJDK 64-Bit Server VM"/>
    <property name="java.vendor.version" value="Homebrew"/>
    <property name="localRepository" value="/Users/johnsanta/.m2/repository"/>
    <property name="java.vendor.url.bug" value="https://github.com/Homebrew/homebrew-core/issues"/>
    <property name="java.io.tmpdir" value="/var/folders/0m/33s6g58s6v5703kn63_lt6j00000gp/T/"/>
    <property name="quarkus.log.file.path" value="target/quarkus.log"/>
    <property name="java.version" value="18.0.2"/>
    <property name="java.util.concurrent.ForkJoinPool.common.threadFactory" value="io.quarkus.bootstrap.forkjoin.QuarkusForkJoinWorkerThreadFactory"/>
    <property name="user.dir" value="/Users/johnsanta/Documents/Programacion/Workshops/quarkus-super-hero/super-heroes/rest-heroes"/>
    <property name="os.arch" value="x86_64"/>
    <property name="hibernate.bytecode.provider" value="none"/>
    <property name="java.vm.specification.name" value="Java Virtual Machine Specification"/>
    <property name="vertx.disableDnsResolver" value="true"/>
    <property name="native.encoding" value="UTF-8"/>
    <property name="java.util.logging.manager" value="org.jboss.logmanager.LogManager"/>
    <property name="java.library.path" value="/Users/johnsanta/Library/Java/Extensions:/Library/Java/Extensions:/Network/Library/Java/Extensions:/System/Library/Java/Extensions:/usr/lib/java:."/>
    <property name="java.vm.info" value="mixed mode, sharing"/>
    <property name="java.vendor" value="Homebrew"/>
    <property name="vertx.disableTCCL" value="true"/>
    <property name="java.vm.version" value="18.0.2+0"/>
    <property name="sun.io.unicode.encoding" value="UnicodeBig"/>
    <property name="io.netty.machineId" value="c2:79:01:5f:d9:db:ec:e5"/>
    <property name="socksNonProxyHosts" value="local|*.local|169.254/16|*.169.254/16"/>
    <property name="java.class.version" value="62.0"/>
    <property name="mp.openapi.extensions.smallrye.defaultConsumes" value="application/json"/>
  </properties>
  <testcase name="shouldGetInitialItems" classname="io.quarkus.workshop.superheroes.hero.HeroResourceTest" time="1.715">
    <system-out><![CDATA[2022-09-13 14:08:40,451 INFO  [org.jbo.threads] (main) JBoss Threads version 3.4.2.Final
2022-09-13 14:08:40,821 INFO  [org.tes.doc.DockerClientProviderStrategy] (build-16) Loaded org.testcontainers.dockerclient.UnixSocketClientProviderStrategy from ~/.testcontainers.properties, will try it first
2022-09-13 14:08:41,450 INFO  [org.tes.doc.DockerClientProviderStrategy] (build-16) Found Docker environment with local Unix socket (unix:///var/run/docker.sock)
2022-09-13 14:08:41,453 INFO  [org.tes.DockerClientFactory] (build-16) Docker host IP address is localhost
2022-09-13 14:08:41,480 INFO  [org.tes.DockerClientFactory] (build-16) Connected to docker: 
  Server Version: 20.10.17
  API Version: 1.41
  Operating System: Docker Desktop
  Total Memory: 7859 MB
2022-09-13 14:08:41,494 INFO  [org.tes.uti.ImageNameSubstitutor] (build-16) Image name substitution will be performed by: DefaultImageNameSubstitutor (composite of 'ConfigurationFileImageNameSubstitutor' and 'PrefixingImageNameSubstitutor')
2022-09-13 14:08:41,526 INFO  [🐳 .3.3]] (build-16) Creating container for image: testcontainers/ryuk:0.3.3
2022-09-13 14:08:41,770 INFO  [org.tes.uti.RegistryAuthLocator] (build-16) Credential helper/store (docker-credential-desktop) does not have credentials for https://index.docker.io/v1/
2022-09-13 14:08:41,884 INFO  [🐳 .3.3]] (build-16) Container testcontainers/ryuk:0.3.3 is starting: 58f6033a482a8886712cde95ab9481784d8de1f2a13c6e24260616194e4ca0d7
2022-09-13 14:08:42,406 INFO  [🐳 .3.3]] (build-16) Container testcontainers/ryuk:0.3.3 started in PT0.906248S
2022-09-13 14:08:42,415 INFO  [org.tes.uti.RyukResourceReaper] (build-16) Ryuk started - will monitor and terminate Testcontainers containers on JVM exit
2022-09-13 14:08:42,416 INFO  [org.tes.DockerClientFactory] (build-16) Checking the system...
2022-09-13 14:08:42,417 INFO  [org.tes.DockerClientFactory] (build-16) ✔︎ Docker server version should be at least 1.6.0
2022-09-13 14:08:42,443 INFO  [🐳 .io/postgres:14]] (build-16) Creating container for image: docker.io/postgres:14
2022-09-13 14:08:42,495 INFO  [org.tes.uti.RegistryAuthLocator] (build-16) Credential helper/store (docker-credential-desktop) does not have credentials for docker.io
2022-09-13 14:08:42,496 WARN  [🐳 .io/postgres:14]] (build-16) Reuse was requested but the environment does not support the reuse of containers
To enable reuse of containers, you must set 'testcontainers.reuse.enable=true' in a file located at /Users/johnsanta/.testcontainers.properties
2022-09-13 14:08:42,531 INFO  [🐳 .io/postgres:14]] (build-16) Container docker.io/postgres:14 is starting: be51891b5052d80560af56638ca3a3df56b60cb83c8e18de3f07fedff2208905
2022-09-13 14:08:44,523 INFO  [🐳 .io/postgres:14]] (build-16) Container docker.io/postgres:14 started in PT2.100053S
2022-09-13 14:08:44,523 INFO  [io.qua.dev.pos.dep.PostgresqlDevServicesProcessor] (build-16) Dev Services for PostgreSQL started.
2022-09-13 14:08:44,525 INFO  [io.qua.dat.dep.dev.DevServicesDatasourceProcessor] (build-16) Dev Services for the default datasource (postgresql) started.
2022-09-13 14:08:46,203 INFO  [org.hib.rea.pro.imp.ReactiveIntegrator] (JPA Startup Thread: default-reactive) HR000001: Hibernate Reactive
2022-09-13 14:08:46,585 WARN  [io.ver.sql.imp.SocketConnectionBase] (vert.x-eventloop-thread-0) Backend notice: severity='NOTICE', code='00000', message='table "hero" does not exist, skipping', detail='null', hint='null', position='null', internalPosition='null', internalQuery='null', where='null', file='tablecmds.c', line='1272', routine='DropErrorMsgNonExistent', schema='null', table='null', column='null', dataType='null', constraint='null'
2022-09-13 14:08:46,589 WARN  [io.ver.sql.imp.SocketConnectionBase] (vert.x-eventloop-thread-0) Backend notice: severity='NOTICE', code='00000', message='sequence "hibernate_sequence" does not exist, skipping', detail='null', hint='null', position='null', internalPosition='null', internalQuery='null', where='null', file='tablecmds.c', line='1272', routine='DropErrorMsgNonExistent', schema='null', table='null', column='null', dataType='null', constraint='null'
2022-09-13 14:08:46,835 WARN  [io.ver.sql.imp.SocketConnectionBase] (vert.x-eventloop-thread-0) Backend notice: severity='NOTICE', code='00000', message='table "hero" does not exist, skipping', detail='null', hint='null', position='null', internalPosition='null', internalQuery='null', where='null', file='tablecmds.c', line='1272', routine='DropErrorMsgNonExistent', schema='null', table='null', column='null', dataType='null', constraint='null'
2022-09-13 14:08:46,838 WARN  [io.ver.sql.imp.SocketConnectionBase] (vert.x-eventloop-thread-0) Backend notice: severity='NOTICE', code='00000', message='sequence "hibernate_sequence" does not exist, skipping', detail='null', hint='null', position='null', internalPosition='null', internalQuery='null', where='null', file='tablecmds.c', line='1272', routine='DropErrorMsgNonExistent', schema='null', table='null', column='null', dataType='null', constraint='null'
2022-09-13 14:08:49,224 INFO  [io.quarkus] (main) rest-heroes 1.0.0-SNAPSHOT on JVM (powered by Quarkus 2.12.1.Final) started in 9.689s. Listening on: http://localhost:8081
2022-09-13 14:08:49,225 INFO  [io.quarkus] (main) Profile test activated. 
2022-09-13 14:08:49,225 INFO  [io.quarkus] (main) Installed features: [cdi, hibernate-orm, hibernate-reactive, hibernate-reactive-panache, hibernate-validator, reactive-pg-client, resteasy-reactive, resteasy-reactive-jackson, smallrye-context-propagation, smallrye-openapi, swagger-ui, vertx]
]]></system-out>
  </testcase>
  <testcase name="shouldAddAnItem" classname="io.quarkus.workshop.superheroes.hero.HeroResourceTest" time="0.804"/>
  <testcase name="shouldUpdateAnItem" classname="io.quarkus.workshop.superheroes.hero.HeroResourceTest" time="0.118"/>
  <testcase name="shouldRemoveAnItem" classname="io.quarkus.workshop.superheroes.hero.HeroResourceTest" time="0.072"/>
  <testcase name="shouldGetRandomHero" classname="io.quarkus.workshop.superheroes.hero.HeroResourceTest" time="0.023"/>
  <testcase name="shouldNotAddInvalidItem" classname="io.quarkus.workshop.superheroes.hero.HeroResourceTest" time="0.036"/>
  <testcase name="shouldNotGetUnknownHero" classname="io.quarkus.workshop.superheroes.hero.HeroResourceTest" time="0.015"/>
  <testcase name="testHelloEndpoint" classname="io.quarkus.workshop.superheroes.hero.HeroResourceTest" time="0.013"/>
  <testcase name="shouldPingOpenAPI" classname="io.quarkus.workshop.superheroes.hero.HeroResourceTest" time="0.082"/>
</testsuite>